  EVRP Optimization.cpp
D:\Users\Strut\Documents\My Documents\School\Grad School\Research\Electric Vehicle Routing Problem\EVRP Optimization\EVRP Optimization\EVRP_Solver.h(15,44): error C4430: missing type specifier - int assumed. Note: C++ does not support default-int
D:\Users\Strut\Documents\My Documents\School\Grad School\Research\Electric Vehicle Routing Problem\EVRP Optimization\EVRP Optimization\EVRP_Solver.h(15,44): error C2143: syntax error: missing ',' before '<'
D:\Users\Strut\Documents\My Documents\School\Grad School\Research\Electric Vehicle Routing Problem\EVRP Optimization\EVRP Optimization\EVRP_Solver.h(16,8): error C2143: syntax error: missing ';' before '<'
D:\Users\Strut\Documents\My Documents\School\Grad School\Research\Electric Vehicle Routing Problem\EVRP Optimization\EVRP Optimization\EVRP_Solver.h(16,8): error C4430: missing type specifier - int assumed. Note: C++ does not support default-int
D:\Users\Strut\Documents\My Documents\School\Grad School\Research\Electric Vehicle Routing Problem\EVRP Optimization\EVRP Optimization\EVRP_Solver.h(16,25): error C2238: unexpected token(s) preceding ';'
D:\Users\Strut\Documents\My Documents\School\Grad School\Research\Electric Vehicle Routing Problem\EVRP Optimization\EVRP Optimization\EVRP_Solver.h(27,32): error C2061: syntax error: identifier 'vector'
D:\Users\Strut\Documents\My Documents\School\Grad School\Research\Electric Vehicle Routing Problem\EVRP Optimization\EVRP Optimization\EVRP_Solver.h(28,23): error C2061: syntax error: identifier 'vector'
D:\Users\Strut\Documents\My Documents\School\Grad School\Research\Electric Vehicle Routing Problem\EVRP Optimization\EVRP Optimization\EVRP_Solver.h(32,8): error C2143: syntax error: missing ';' before '<'
D:\Users\Strut\Documents\My Documents\School\Grad School\Research\Electric Vehicle Routing Problem\EVRP Optimization\EVRP Optimization\EVRP_Solver.h(32,8): error C4430: missing type specifier - int assumed. Note: C++ does not support default-int
D:\Users\Strut\Documents\My Documents\School\Grad School\Research\Electric Vehicle Routing Problem\EVRP Optimization\EVRP Optimization\EVRP_Solver.h(32,20): error C2238: unexpected token(s) preceding ';'
D:\Users\Strut\Documents\My Documents\School\Grad School\Research\Electric Vehicle Routing Problem\EVRP Optimization\EVRP Optimization\EVRP Optimization.cpp(10,5): error C2065: 'vector': undeclared identifier
D:\Users\Strut\Documents\My Documents\School\Grad School\Research\Electric Vehicle Routing Problem\EVRP Optimization\EVRP Optimization\EVRP Optimization.cpp(10,12): error C2062: type 'int' unexpected
D:\Users\Strut\Documents\My Documents\School\Grad School\Research\Electric Vehicle Routing Problem\EVRP Optimization\EVRP Optimization\EVRP Optimization.cpp(11,55): error C2065: 'solution': undeclared identifier
D:\Users\Strut\Documents\My Documents\School\Grad School\Research\Electric Vehicle Routing Problem\EVRP Optimization\EVRP Optimization\EVRP Optimization.cpp(14,21): error C2065: 'solution': undeclared identifier
D:\Users\Strut\Documents\My Documents\School\Grad School\Research\Electric Vehicle Routing Problem\EVRP Optimization\EVRP Optimization\EVRP Optimization.cpp(14,19): error C2143: syntax error: missing ';' before ':'
D:\Users\Strut\Documents\My Documents\School\Grad School\Research\Electric Vehicle Routing Problem\EVRP Optimization\EVRP Optimization\EVRP Optimization.cpp(14,29): error C2143: syntax error: missing ';' before ')'
  EVRP_Solver.cpp
D:\Users\Strut\Documents\My Documents\School\Grad School\Research\Electric Vehicle Routing Problem\EVRP Optimization\EVRP Optimization\EVRP_Solver.h(15,44): error C4430: missing type specifier - int assumed. Note: C++ does not support default-int
D:\Users\Strut\Documents\My Documents\School\Grad School\Research\Electric Vehicle Routing Problem\EVRP Optimization\EVRP Optimization\EVRP_Solver.h(15,44): error C2143: syntax error: missing ',' before '<'
D:\Users\Strut\Documents\My Documents\School\Grad School\Research\Electric Vehicle Routing Problem\EVRP Optimization\EVRP Optimization\EVRP_Solver.h(16,8): error C2143: syntax error: missing ';' before '<'
D:\Users\Strut\Documents\My Documents\School\Grad School\Research\Electric Vehicle Routing Problem\EVRP Optimization\EVRP Optimization\EVRP_Solver.h(16,8): error C4430: missing type specifier - int assumed. Note: C++ does not support default-int
D:\Users\Strut\Documents\My Documents\School\Grad School\Research\Electric Vehicle Routing Problem\EVRP Optimization\EVRP Optimization\EVRP_Solver.h(16,25): error C2238: unexpected token(s) preceding ';'
D:\Users\Strut\Documents\My Documents\School\Grad School\Research\Electric Vehicle Routing Problem\EVRP Optimization\EVRP Optimization\EVRP_Solver.h(27,32): error C2061: syntax error: identifier 'vector'
D:\Users\Strut\Documents\My Documents\School\Grad School\Research\Electric Vehicle Routing Problem\EVRP Optimization\EVRP Optimization\EVRP_Solver.h(28,23): error C2061: syntax error: identifier 'vector'
D:\Users\Strut\Documents\My Documents\School\Grad School\Research\Electric Vehicle Routing Problem\EVRP Optimization\EVRP Optimization\EVRP_Solver.h(32,8): error C2143: syntax error: missing ';' before '<'
D:\Users\Strut\Documents\My Documents\School\Grad School\Research\Electric Vehicle Routing Problem\EVRP Optimization\EVRP Optimization\EVRP_Solver.h(32,8): error C4430: missing type specifier - int assumed. Note: C++ does not support default-int
D:\Users\Strut\Documents\My Documents\School\Grad School\Research\Electric Vehicle Routing Problem\EVRP Optimization\EVRP Optimization\EVRP_Solver.h(32,20): error C2238: unexpected token(s) preceding ';'
D:\Users\Strut\Documents\My Documents\School\Grad School\Research\Electric Vehicle Routing Problem\EVRP Optimization\EVRP Optimization\EVRP_Solver.cpp(35,3): error C2065: 'nodes': undeclared identifier
D:\Users\Strut\Documents\My Documents\School\Grad School\Research\Electric Vehicle Routing Problem\EVRP Optimization\EVRP Optimization\EVRP_Solver.cpp(41,4): error C2065: 'nodes': undeclared identifier
D:\Users\Strut\Documents\My Documents\School\Grad School\Research\Electric Vehicle Routing Problem\EVRP Optimization\EVRP Optimization\EVRP_Solver.cpp(52,26): error C2039: 'SolveEVRP': is not a member of 'EVRP_Solver'
D:\Users\Strut\Documents\My Documents\School\Grad School\Research\Electric Vehicle Routing Problem\EVRP Optimization\EVRP Optimization\EVRP_Solver.h(9): message : see declaration of 'EVRP_Solver'
D:\Users\Strut\Documents\My Documents\School\Grad School\Research\Electric Vehicle Routing Problem\EVRP Optimization\EVRP Optimization\EVRP_Solver.cpp(55,16): error C2065: 'nodes': undeclared identifier
D:\Users\Strut\Documents\My Documents\School\Grad School\Research\Electric Vehicle Routing Problem\EVRP Optimization\EVRP Optimization\EVRP_Solver.cpp(55,12): error C2737: 'n': const object must be initialized
D:\Users\Strut\Documents\My Documents\School\Grad School\Research\Electric Vehicle Routing Problem\EVRP Optimization\EVRP Optimization\EVRP_Solver.cpp(56,27): error C2065: 'capacity': undeclared identifier
D:\Users\Strut\Documents\My Documents\School\Grad School\Research\Electric Vehicle Routing Problem\EVRP Optimization\EVRP Optimization\EVRP_Solver.cpp(69,9): error C3861: 'AllNodesVisited': identifier not found
D:\Users\Strut\Documents\My Documents\School\Grad School\Research\Electric Vehicle Routing Problem\EVRP Optimization\EVRP Optimization\EVRP_Solver.cpp(72,19): error C3861: 'FindNearestServicableNode': identifier not found
D:\Users\Strut\Documents\My Documents\School\Grad School\Research\Electric Vehicle Routing Problem\EVRP Optimization\EVRP Optimization\EVRP_Solver.cpp(82,25): error C2065: 'capacity': undeclared identifier
D:\Users\Strut\Documents\My Documents\School\Grad School\Research\Electric Vehicle Routing Problem\EVRP Optimization\EVRP Optimization\EVRP_Solver.cpp(94,26): error C2065: 'nodes': undeclared identifier
D:\Users\Strut\Documents\My Documents\School\Grad School\Research\Electric Vehicle Routing Problem\EVRP Optimization\EVRP Optimization\EVRP_Solver.cpp(109,18): error C2511: 'int EVRP_Solver::FindNearestServicableNode(std::vector<bool,std::allocator<bool>>,int,int) const': overloaded member function not found in 'EVRP_Solver'
D:\Users\Strut\Documents\My Documents\School\Grad School\Research\Electric Vehicle Routing Problem\EVRP Optimization\EVRP Optimization\EVRP_Solver.h(9): message : see declaration of 'EVRP_Solver'
D:\Users\Strut\Documents\My Documents\School\Grad School\Research\Electric Vehicle Routing Problem\EVRP Optimization\EVRP Optimization\EVRP_Solver.cpp(117,22): error C2065: 'nodes': undeclared identifier
D:\Users\Strut\Documents\My Documents\School\Grad School\Research\Electric Vehicle Routing Problem\EVRP Optimization\EVRP Optimization\EVRP_Solver.cpp(119,27): error C2065: 'nodes': undeclared identifier
D:\Users\Strut\Documents\My Documents\School\Grad School\Research\Electric Vehicle Routing Problem\EVRP Optimization\EVRP Optimization\EVRP_Solver.cpp(119,43): error C2065: 'nodes': undeclared identifier
D:\Users\Strut\Documents\My Documents\School\Grad School\Research\Electric Vehicle Routing Problem\EVRP Optimization\EVRP Optimization\EVRP_Solver.cpp(119,51): error C2660: 'EVRP_Solver::Distance': function does not take 1 arguments
D:\Users\Strut\Documents\My Documents\School\Grad School\Research\Electric Vehicle Routing Problem\EVRP Optimization\EVRP Optimization\EVRP_Solver.h(26,9): message : see declaration of 'EVRP_Solver::Distance'
D:\Users\Strut\Documents\My Documents\School\Grad School\Research\Electric Vehicle Routing Problem\EVRP Optimization\EVRP Optimization\EVRP_Solver.cpp(130,21): error C2511: 'double EVRP_Solver::CalculateTotalDistance(const std::vector<int,std::allocator<int>> &) const': overloaded member function not found in 'EVRP_Solver'
D:\Users\Strut\Documents\My Documents\School\Grad School\Research\Electric Vehicle Routing Problem\EVRP Optimization\EVRP Optimization\EVRP_Solver.h(9): message : see declaration of 'EVRP_Solver'
D:\Users\Strut\Documents\My Documents\School\Grad School\Research\Electric Vehicle Routing Problem\EVRP Optimization\EVRP Optimization\EVRP_Solver.cpp(135,19): error C2065: 'nodes': undeclared identifier
D:\Users\Strut\Documents\My Documents\School\Grad School\Research\Electric Vehicle Routing Problem\EVRP Optimization\EVRP Optimization\EVRP_Solver.cpp(135,43): error C2065: 'nodes': undeclared identifier
D:\Users\Strut\Documents\My Documents\School\Grad School\Research\Electric Vehicle Routing Problem\EVRP Optimization\EVRP Optimization\EVRP_Solver.cpp(135,61): error C2660: 'EVRP_Solver::Distance': function does not take 1 arguments
D:\Users\Strut\Documents\My Documents\School\Grad School\Research\Electric Vehicle Routing Problem\EVRP Optimization\EVRP Optimization\EVRP_Solver.h(26,9): message : see declaration of 'EVRP_Solver::Distance'
D:\Users\Strut\Documents\My Documents\School\Grad School\Research\Electric Vehicle Routing Problem\EVRP Optimization\EVRP Optimization\EVRP_Solver.cpp(145,19): error C2511: 'bool EVRP_Solver::AllNodesVisited(std::vector<bool,std::allocator<bool>>) const': overloaded member function not found in 'EVRP_Solver'
D:\Users\Strut\Documents\My Documents\School\Grad School\Research\Electric Vehicle Routing Problem\EVRP Optimization\EVRP Optimization\EVRP_Solver.h(9): message : see declaration of 'EVRP_Solver'
  Generating Code...
